<?xml version="1.0" encoding="UTF-8"?>
<!-- Generated by org.testng.reporters.JUnitReportReporter -->
<testsuite hostname="DESKTOP-ALEB1IN" failures="0" tests="2" name="test.com.itexps.ReclangleTest" time="0.013" errors="0" timestamp="27 Aug 2024 16:24:29 GMT">
  <testcase classname="test.com.itexps.ReclangleTest" name="testArea" time="0.007"/>
  <testcase classname="test.com.itexps.ReclangleTest" name="testPerimeter" time="0.006"/>
</testsuite> <!-- test.com.itexps.ReclangleTest -->
